<?xml version="1.0" encoding="utf-8"?><testsuites name="pytest tests"><testsuite name="pytest" errors="0" failures="1" skipped="2" tests="136" time="53.553" timestamp="2026-05-27T09:34:29.925358+00:00" hostname="agent-env-839b6e4e-4c73-497f-840c-93dc91825c21"><testcase classname="backend.tests.backend_test.TestHealth" name="test_health_ok" time="0.123" /><testcase classname="backend.tests.backend_test.TestAuth" name="test_login_success" time="0.196" /><testcase classname="backend.tests.backend_test.TestAuth" name="test_login_invalid" time="0.218" /><testcase classname="backend.tests.backend_test.TestAuth" name="test_auth_me" time="0.207" /><testcase classname="backend.tests.backend_test.TestSearch" name="test_search_user_kei" time="0.045" /><testcase classname="backend.tests.backend_test.TestSearch" name="test_search_relato_roma" time="0.050" /><testcase classname="backend.tests.backend_test.TestSearch" name="test_search_accent_insensitive_cesar" time="0.046" /><testcase classname="backend.tests.backend_test.TestSearch" name="test_search_empty_query" time="0.043" /><testcase classname="backend.tests.backend_test.TestSearch" name="test_search_no_results" time="0.046" /><testcase classname="backend.tests.backend_test.TestSearch" name="test_search_requires_auth" time="0.102" /><testcase classname="backend.tests.backend_test.TestProfile" name="test_get_own_profile" time="0.092" /><testcase classname="backend.tests.backend_test.TestProfile" name="test_get_user_relatos" time="0.050" /><testcase classname="backend.tests.backend_test.TestProfile" name="test_get_profile_invalid_id" time="0.046" /><testcase classname="backend.tests.backend_test.TestProfile" name="test_get_profile_not_found" time="0.044" /><testcase classname="backend.tests.backend_test.TestProfile" name="test_get_profile_other_user" time="0.043"><skipped type="pytest.skip" message="alex not found">/app/backend/tests/backend_test.py:121: alex not found</skipped></testcase><testcase classname="backend.tests.backend_test.TestFollow" name="test_follow_toggle" time="0.044"><skipped type="pytest.skip" message="alex not found">/app/backend/tests/backend_test.py:135: alex not found</skipped></testcase><testcase classname="backend.tests.backend_test.TestUploads" name="test_avatar_upload" time="0.156" /><testcase classname="backend.tests.backend_test.TestUploads" name="test_avatar_upload_missing_file" time="0.107" /><testcase classname="backend.tests.backend_test.TestUploads" name="test_portada_upload" time="0.100" /><testcase classname="backend.tests.backend_test.TestRelatos" name="test_feed_relatos" time="0.057" /><testcase classname="backend.tests.test_misivas.TestAbrir" name="test_abrir_con_otro_usuario_crea_conversacion" time="0.507" /><testcase classname="backend.tests.test_misivas.TestAbrir" name="test_abrir_es_idempotente" time="0.096" /><testcase classname="backend.tests.test_misivas.TestAbrir" name="test_abrir_consigo_mismo_400" time="0.047" /><testcase classname="backend.tests.test_misivas.TestAbrir" name="test_abrir_user_inexistente_404" time="0.047" /><testcase classname="backend.tests.test_misivas.TestLista" name="test_get_misivas_lista" time="0.094" /><testcase classname="backend.tests.test_misivas.TestLista" name="test_no_leidas_count" time="0.048" /><testcase classname="backend.tests.test_misivas.TestMensajes" name="test_flujo_envio_y_no_leido" time="0.494" /><testcase classname="backend.tests.test_misivas.TestMensajes" name="test_yo_no_me_notifico_a_mi_mismo" time="0.164" /><testcase classname="backend.tests.test_misivas.TestMensajes" name="test_no_leidas_excluye_mis_mensajes" time="0.184" /><testcase classname="backend.tests.test_misivas.TestMensajes" name="test_mensaje_vacio_400" time="0.094" /><testcase classname="backend.tests.test_misivas.TestMensajes" name="test_mensaje_muy_largo_400" time="0.095" /><testcase classname="backend.tests.test_misivas.TestAcceso" name="test_no_participante_get_mensajes_403" time="0.311" /><testcase classname="backend.tests.test_misivas.TestAcceso" name="test_no_participante_post_mensaje_403" time="0.101" /><testcase classname="backend.tests.test_misivas.TestAcceso" name="test_no_participante_leer_403" time="0.095" /><testcase classname="backend.tests.test_misivas.TestAcceso" name="test_id_inexistente" time="0.047" /><testcase classname="backend.tests.test_misivas.TestAcceso" name="test_sin_auth_401" time="0.117" /><testcase classname="backend.tests.test_og_cards.TestOgRelatoHtml" name="test_sin_auth_devuelve_html_200" time="0.101" /><testcase classname="backend.tests.test_og_cards.TestOgRelatoHtml" name="test_meta_og_basicas_presentes" time="0.124" /><testcase classname="backend.tests.test_og_cards.TestOgRelatoHtml" name="test_og_image_apunta_a_endpoint_imagen" time="0.103" /><testcase classname="backend.tests.test_og_cards.TestOgRelatoHtml" name="test_og_url_apunta_a_app_react" time="0.107" /><testcase classname="backend.tests.test_og_cards.TestOgRelatoHtml" name="test_bot_no_incluye_meta_refresh[WhatsApp/2.23.20.0 A]" time="0.094" /><testcase classname="backend.tests.test_og_cards.TestOgRelatoHtml" name="test_bot_no_incluye_meta_refresh[Twitterbot/1.0]" time="0.104" /><testcase classname="backend.tests.test_og_cards.TestOgRelatoHtml" name="test_bot_no_incluye_meta_refresh[facebookexternalhit/1.1]" time="0.113" /><testcase classname="backend.tests.test_og_cards.TestOgRelatoHtml" name="test_bot_no_incluye_meta_refresh[Mozilla/5.0 (compatible; Discordbot/2.0; +https://discordapp.com)]" time="0.100" /><testcase classname="backend.tests.test_og_cards.TestOgRelatoHtml" name="test_bot_no_incluye_meta_refresh[TelegramBot (like TwitterBot)]" time="0.101" /><testcase classname="backend.tests.test_og_cards.TestOgRelatoHtml" name="test_humano_incluye_meta_refresh_a_app_react" time="0.108" /><testcase classname="backend.tests.test_og_cards.TestOgRelatoHtml" name="test_cache_control_html" time="0.003" /><testcase classname="backend.tests.test_og_cards.TestOgRelatoHtml" name="test_id_malformado_400" time="0.104" /><testcase classname="backend.tests.test_og_cards.TestOgRelatoHtml" name="test_id_inexistente_404" time="0.102" /><testcase classname="backend.tests.test_og_cards.TestOgRelatoHtml" name="test_escape_html_en_titulo_descripcion" time="0.095" /><testcase classname="backend.tests.test_og_cards.TestOgRelatoHtml" name="test_no_requiere_autenticacion" time="0.115" /><testcase classname="backend.tests.test_og_cards.TestOgRelatoImagen" name="test_devuelve_png_sin_auth" time="0.218" /><testcase classname="backend.tests.test_og_cards.TestOgRelatoImagen" name="test_dimensiones_1200x630" time="0.193" /><testcase classname="backend.tests.test_og_cards.TestOgRelatoImagen" name="test_tamano_razonable" time="0.194" /><testcase classname="backend.tests.test_og_cards.TestOgRelatoImagen" name="test_cache_control_imagen" time="0.077" /><testcase classname="backend.tests.test_og_cards.TestOgRelatoImagen" name="test_id_malformado_400" time="0.101" /><testcase classname="backend.tests.test_og_cards.TestOgRelatoImagen" name="test_id_inexistente_404" time="0.106" /><testcase classname="backend.tests.test_phase1_endpoints.TestEpocas" name="test_list_epocas" time="0.045" /><testcase classname="backend.tests.test_phase1_endpoints.TestEpocas" name="test_list_epocas_requires_auth" time="0.096" /><testcase classname="backend.tests.test_phase1_endpoints.TestEpocas" name="test_relatos_by_epoca" time="0.095" /><testcase classname="backend.tests.test_phase1_endpoints.TestEpocas" name="test_relatos_by_unknown_epoca" time="0.044" /><testcase classname="backend.tests.test_phase1_endpoints.TestRelatoDetail" name="test_invalid_objectid_returns_400" time="0.043" /><testcase classname="backend.tests.test_phase1_endpoints.TestRelatoDetail" name="test_not_found_returns_404" time="0.044" /><testcase classname="backend.tests.test_phase1_endpoints.TestRelatoDetail" name="test_valid_relato_returns_full_data" time="0.098" /><testcase classname="backend.tests.test_phase1_endpoints.TestComentarios" name="test_get_comentarios_empty_or_array" time="0.095" /><testcase classname="backend.tests.test_phase1_endpoints.TestComentarios" name="test_create_comment_and_reply_chain" time="0.186" /><testcase classname="backend.tests.test_phase1_endpoints.TestComentarios" name="test_comment_validation_empty_content" time="0.089" /><testcase classname="backend.tests.test_phase1_endpoints.TestComentarios" name="test_comment_requires_auth" time="0.121" /><testcase classname="backend.tests.test_phase2_avisos.TestAvisosEndpoints" name="test_list_avisos_authed" time="0.257" /><testcase classname="backend.tests.test_phase2_avisos.TestAvisosEndpoints" name="test_list_avisos_requires_auth" time="0.099" /><testcase classname="backend.tests.test_phase2_avisos.TestAvisosEndpoints" name="test_count_no_leidos" time="0.126" /><testcase classname="backend.tests.test_phase2_avisos.TestAvisosEndpoints" name="test_marcar_leidos_all" time="0.094" /><testcase classname="backend.tests.test_phase2_avisos.TestEcoNotification" name="test_eco_creates_aviso_for_relato_owner" time="0.915"><failure message="AttributeError: 'NoneType' object has no attribute 'get'">E   AttributeError: 'NoneType' object has no attribute 'get'</failure></testcase><testcase classname="backend.tests.test_phase2_avisos.TestEcoNotification" name="test_self_eco_does_not_create_aviso" time="0.184" /><testcase classname="backend.tests.test_phase2_avisos.TestComentarioNotification" name="test_root_comentario_creates_aviso" time="0.564" /><testcase classname="backend.tests.test_phase2_avisos.TestComentarioNotification" name="test_respuesta_notifies_parent_author_not_relato_owner" time="0.927" /><testcase classname="backend.tests.test_phase2_avisos.TestSeguirNotification" name="test_follow_creates_aviso" time="0.596" /><testcase classname="backend.tests.test_phase2_avisos.TestMarkAvisoRead" name="test_marcar_un_aviso" time="0.523" /><testcase classname="backend.tests.test_phase2_avisos.TestMarkAvisoRead" name="test_marcar_invalid_id" time="0.047" /><testcase classname="backend.tests.test_phase2_avisos.TestPerfilUpdate" name="test_actualizar_perfil" time="0.149" /><testcase classname="backend.tests.test_phase2_avisos.TestPerfilUpdate" name="test_perfil_requires_auth" time="0.123" /><testcase classname="backend.tests.test_phase3_efemerides" name="test_efemerides_hoy_requires_auth" time="0.101" /><testcase classname="backend.tests.test_phase3_efemerides" name="test_efemerides_hoy_authed" time="0.044" /><testcase classname="backend.tests.test_phase3_efemerides" name="test_efemerides_fecha_julio_cesar" time="0.045" /><testcase classname="backend.tests.test_phase3_efemerides" name="test_efemerides_fecha_colon" time="0.042" /><testcase classname="backend.tests.test_phase3_efemerides" name="test_efemerides_fecha_empty_day" time="0.047" /><testcase classname="backend.tests.test_phase3_efemerides" name="test_efemerides_fecha_invalid_format_returns_400" time="0.044" /><testcase classname="backend.tests.test_phase3_efemerides" name="test_efemerides_fecha_invalid_format_3digits" time="0.042" /><testcase classname="backend.tests.test_phase3_efemerides" name="test_efemerides_fecha_requires_auth" time="0.104" /><testcase classname="backend.tests.test_phase3_efemerides" name="test_efemerides_calendario_marzo_2026" time="0.044" /><testcase classname="backend.tests.test_phase3_efemerides" name="test_efemerides_calendario_invalid_month" time="0.042" /><testcase classname="backend.tests.test_phase3_efemerides" name="test_efemerides_calendario_zero_month" time="0.043" /><testcase classname="backend.tests.test_phase3_efemerides" name="test_efemerides_calendario_february_2024_leap" time="0.042" /><testcase classname="backend.tests.test_phase3_efemerides" name="test_efemerides_calendario_requires_auth" time="0.096" /><testcase classname="backend.tests.test_phase4_legado.TestAuthGuard" name="test_familiares_mios_requires_auth" time="0.536" /><testcase classname="backend.tests.test_phase4_legado.TestAuthGuard" name="test_preferencias_requires_auth" time="0.096" /><testcase classname="backend.tests.test_phase4_legado.TestPreferencias" name="test_update_sonido_valid" time="0.051" /><testcase classname="backend.tests.test_phase4_legado.TestPreferencias" name="test_update_sonido_invalid_returns_400" time="0.054" /><testcase classname="backend.tests.test_phase4_legado.TestPreferencias" name="test_update_arbol_publico_true" time="0.048" /><testcase classname="backend.tests.test_phase4_legado.TestPreferencias" name="test_update_all_sounds_accepted" time="0.192" /><testcase classname="backend.tests.test_phase4_legado.TestFamiliaresCRUD" name="test_create_requires_nombre_and_parentesco" time="0.092" /><testcase classname="backend.tests.test_phase4_legado.TestFamiliaresCRUD" name="test_create_invalid_parentesco_rejected" time="0.048" /><testcase classname="backend.tests.test_phase4_legado.TestFamiliaresCRUD" name="test_create_and_get_mios" time="0.095" /><testcase classname="backend.tests.test_phase4_legado.TestFamiliaresCRUD" name="test_update_own_familiar" time="0.142" /><testcase classname="backend.tests.test_phase4_legado.TestFamiliaresCRUD" name="test_update_other_user_forbidden" time="0.097" /><testcase classname="backend.tests.test_phase4_legado.TestFamiliaresCRUD" name="test_delete_other_user_forbidden" time="0.097" /><testcase classname="backend.tests.test_phase4_legado.TestFamiliaresCRUD" name="test_delete_own_familiar" time="0.165" /><testcase classname="backend.tests.test_phase4_legado.TestPrivacy" name="test_public_tree_accessible_by_other" time="0.191" /><testcase classname="backend.tests.test_phase4_legado.TestPrivacy" name="test_private_tree_forbidden_for_other" time="0.104" /><testcase classname="backend.tests.test_phase4_legado.TestPrivacy" name="test_private_tree_accessible_to_owner" time="0.107" /><testcase classname="backend.tests.test_phase4_legado.TestHistorias" name="test_add_and_remove_historia" time="0.157" /><testcase classname="backend.tests.test_phase4_legado.TestHistorias" name="test_historia_requires_contenido" time="0.097" /><testcase classname="backend.tests.test_phase4_legado.TestFotoUpload" name="test_upload_foto" time="35.962" /><testcase classname="backend.tests.test_phase4_legado.TestGedcomImport" name="test_import_empty_returns_400" time="0.054" /><testcase classname="backend.tests.test_phase4_legado.TestGedcomImport" name="test_import_no_valid_indi_returns_400" time="0.053" /><testcase classname="backend.tests.test_phase4_legado.TestGedcomImport" name="test_import_valid_gedcom_creates_familiares" time="0.566" /><testcase classname="backend.tests.test_phase5_explorar.TestExplorar" name="test_explorar_returns_all_sections" time="0.054" /><testcase classname="backend.tests.test_phase5_explorar.TestExplorar" name="test_explorar_cronistas_shape" time="0.051" /><testcase classname="backend.tests.test_phase5_explorar.TestExplorar" name="test_explorar_tags_shape" time="0.049" /><testcase classname="backend.tests.test_phase5_explorar.TestTrending" name="test_trending_returns_data" time="0.054" /><testcase classname="backend.tests.test_phase5_explorar.TestTrending" name="test_trending_sorted_by_score_desc" time="0.057" /><testcase classname="backend.tests.test_phase5_explorar.TestTagsPopulares" name="test_tags_populares_returns_array" time="0.046" /><testcase classname="backend.tests.test_phase5_explorar.TestTagsPopulares" name="test_tags_populares_sorted_by_total_desc" time="0.047" /><testcase classname="backend.tests.test_phase5_explorar.TestTagsRelatos" name="test_tag_relatos_known_tag" time="0.048" /><testcase classname="backend.tests.test_phase5_explorar.TestTagsRelatos" name="test_tag_relatos_unknown_tag" time="0.071" /><testcase classname="backend.tests.test_phase5_explorar.TestHashtagExtraction" name="test_create_extracts_hashtags" time="0.046" /><testcase classname="backend.tests.test_phase5_explorar.TestHashtagExtraction" name="test_update_reextracts_hashtags" time="0.099" /><testcase classname="backend.tests.test_phase5_explorar.TestHashtagExtraction" name="test_relato_appears_in_tag_endpoint" time="0.089" /><testcase classname="backend.tests.test_share_chronicle.TestContactosSugeridos" name="test_returns_200_array" time="0.337" /><testcase classname="backend.tests.test_share_chronicle.TestContactosSugeridos" name="test_items_have_required_fields" time="0.048" /><testcase classname="backend.tests.test_share_chronicle.TestContactosSugeridos" name="test_excludes_self" time="0.051" /><testcase classname="backend.tests.test_share_chronicle.TestContactosSugeridos" name="test_deduplicated" time="0.049" /><testcase classname="backend.tests.test_share_chronicle.TestContactosSugeridos" name="test_requires_auth" time="0.107" /><testcase classname="backend.tests.test_share_chronicle.TestRelatoFetch" name="test_get_relato_by_id" time="0.049" /><testcase classname="backend.tests.test_share_chronicle.TestBuscarUsuarios" name="test_search_returns_usuarios" time="0.045" /><testcase classname="backend.tests.test_share_chronicle.TestBuscarUsuarios" name="test_search_min_chars_or_empty" time="0.047" /></testsuite></testsuites>