<?xml version="1.0" encoding="utf-8"?><testsuites name="pytest tests"><testsuite name="pytest" errors="0" failures="0" skipped="1" tests="9" time="1.287" timestamp="2026-05-28T06:55:16.154727+00:00" hostname="agent-env-839b6e4e-4c73-497f-840c-93dc91825c21"><testcase classname="backend.tests.test_iter21_presencia_activos.TestPresenciaActivos" name="test_requires_auth" time="0.196" /><testcase classname="backend.tests.test_iter21_presencia_activos.TestPresenciaActivos" name="test_returns_shape" time="0.296" /><testcase classname="backend.tests.test_iter21_presencia_activos.TestPresenciaActivos" name="test_excludes_self" time="0.187" /><testcase classname="backend.tests.test_iter21_presencia_activos.TestPresenciaActivos" name="test_user_shape_when_present" time="0.092" /><testcase classname="backend.tests.test_iter21_presencia_activos.TestPresenciaActivos" name="test_sorted_desc_by_ultimo_visto" time="0.055"><skipped type="pytest.skip" message="Solo hay &lt;2 cronistas activos; no se puede validar orden.">/app/backend/tests/test_iter21_presencia_activos.py:72: Solo hay &lt;2 cronistas activos; no se puede validar orden.</skipped></testcase><testcase classname="backend.tests.test_iter21_presencia_activos.TestPresenciaActivos" name="test_threshold_2_minutes" time="0.059" /><testcase classname="backend.tests.test_iter21_presencia_activos.TestPresenciaRegresion" name="test_heartbeat_updates_ultimo_visto" time="0.185" /><testcase classname="backend.tests.test_iter21_presencia_activos.TestPresenciaRegresion" name="test_consultar_returns_active_ids" time="0.114" /><testcase classname="backend.tests.test_iter21_presencia_activos.TestPresenciaRegresion" name="test_consultar_empty_ids" time="0.052" /></testsuite></testsuites>