<?xml version="1.0" encoding="utf-8"?><testsuites name="pytest tests"><testsuite name="pytest" errors="0" failures="0" skipped="0" tests="12" time="8.606" timestamp="2026-05-28T06:40:26.864959+00:00" hostname="agent-env-839b6e4e-4c73-497f-840c-93dc91825c21"><testcase classname="backend.tests.test_iter20_archivo_tts_video.TestArchivoCapsulas" name="test_archivo_invalid_id_returns_400" time="0.359" /><testcase classname="backend.tests.test_iter20_archivo_tts_video.TestArchivoCapsulas" name="test_archivo_returns_list_for_valid_user" time="0.099" /><testcase classname="backend.tests.test_iter20_archivo_tts_video.TestArchivoCapsulas" name="test_archivo_returns_empty_for_unknown_user" time="0.052" /><testcase classname="backend.tests.test_iter20_archivo_tts_video.TestArchivoCapsulas" name="test_expired_cronista_capsule_appears_in_archivo" time="0.250" /><testcase classname="backend.tests.test_iter20_archivo_tts_video.TestRelatoConVideo" name="test_create_relato_without_video_still_ok" time="0.058" /><testcase classname="backend.tests.test_iter20_archivo_tts_video.TestRelatoConVideo" name="test_create_relato_with_video_returns_video_path" time="0.114" /><testcase classname="backend.tests.test_iter20_archivo_tts_video.TestNarrarTTS" name="test_narrar_genera_audio_y_segunda_llamada_cached" time="7.273" /><testcase classname="backend.tests.test_iter20_archivo_tts_video.TestNarrarTTS" name="test_narrar_invalid_voice_falls_back_to_onyx" time="0.047" /><testcase classname="backend.tests.test_iter20_archivo_tts_video.TestNarrarTTS" name="test_narrar_bad_id_returns_400" time="0.049" /><testcase classname="backend.tests.test_iter20_archivo_tts_video.TestNarrarTTS" name="test_narrar_404_for_missing_relato" time="0.062" /><testcase classname="backend.tests.test_iter20_archivo_tts_video.TestNarrarTTS" name="test_narrar_requires_auth" time="0.099" /><testcase classname="backend.tests.test_iter20_archivo_tts_video.TestNarrarTTS" name="test_cleanup_relato" time="0.053" /></testsuite></testsuites>