<?xml version="1.0" encoding="utf-8"?><testsuites name="pytest tests"><testsuite name="pytest" errors="0" failures="0" skipped="0" tests="13" time="2.287" timestamp="2026-05-28T06:22:15.795946+00:00" hostname="agent-env-839b6e4e-4c73-497f-840c-93dc91825c21"><testcase classname="backend.tests.test_capsulas_y_relatos.TestCapsulasList" name="test_list_anonymous_ok_and_autogenerated" time="0.170" /><testcase classname="backend.tests.test_capsulas_y_relatos.TestCapsulasList" name="test_marker_is_stripped_from_text" time="0.103" /><testcase classname="backend.tests.test_capsulas_y_relatos.TestCapsulasList" name="test_ttl_expira_en_future" time="0.103" /><testcase classname="backend.tests.test_capsulas_y_relatos.TestCapsulasList" name="test_idempotent_no_duplicates" time="0.209" /><testcase classname="backend.tests.test_capsulas_y_relatos.TestCapsulasCrud" name="test_create_cronista_capsula_and_get_back" time="1.082" /><testcase classname="backend.tests.test_capsulas_y_relatos.TestCapsulasCrud" name="test_create_validates_texto_required" time="0.047" /><testcase classname="backend.tests.test_capsulas_y_relatos.TestCapsulasCrud" name="test_create_validates_texto_max_320" time="0.048" /><testcase classname="backend.tests.test_capsulas_y_relatos.TestCapsulasCrud" name="test_delete_requires_auth" time="0.105" /><testcase classname="backend.tests.test_capsulas_y_relatos.TestCapsulasCrud" name="test_cannot_delete_system_capsule" time="0.154" /><testcase classname="backend.tests.test_capsulas_y_relatos.TestRelatosHistoria" name="test_create_relato_with_historia_fields" time="0.050" /><testcase classname="backend.tests.test_capsulas_y_relatos.TestRelatosHistoria" name="test_get_relato_by_id_includes_historia" time="0.051" /><testcase classname="backend.tests.test_capsulas_y_relatos.TestRelatosHistoria" name="test_get_relatos_list_includes_historia" time="0.070" /><testcase classname="backend.tests.test_capsulas_y_relatos.TestRelatosHistoria" name="test_cleanup_delete_relato" time="0.050" /></testsuite></testsuites>