<?xml version="1.0" encoding="utf-8"?><testsuites name="pytest tests"><testsuite name="pytest" errors="0" failures="0" skipped="0" tests="17" time="2.448" timestamp="2026-05-28T07:22:38.074962+00:00" hostname="agent-env-839b6e4e-4c73-497f-840c-93dc91825c21"><testcase classname="backend.tests.test_iter22_visitas_virtuales.TestVisitasCatalogo" name="test_get_visitas_total_30" time="0.141" /><testcase classname="backend.tests.test_iter22_visitas_virtuales.TestVisitasCatalogo" name="test_get_visitas_estructura_item" time="0.161" /><testcase classname="backend.tests.test_iter22_visitas_virtuales.TestVisitasCatalogo" name="test_get_visitas_filtro_roma_imperial" time="0.109" /><testcase classname="backend.tests.test_iter22_visitas_virtuales.TestVisitasCatalogo" name="test_get_visitas_filtro_inexistente_vacio" time="0.102" /><testcase classname="backend.tests.test_iter22_visitas_virtuales.TestVisitasSugerir" name="test_sugerir_alias_constantinopla" time="0.103" /><testcase classname="backend.tests.test_iter22_visitas_virtuales.TestVisitasSugerir" name="test_sugerir_alias_estambul" time="0.108" /><testcase classname="backend.tests.test_iter22_visitas_virtuales.TestVisitasSugerir" name="test_sugerir_coliseo_exacto" time="0.109" /><testcase classname="backend.tests.test_iter22_visitas_virtuales.TestVisitasSugerir" name="test_sugerir_geografico_roma" time="0.101" /><testcase classname="backend.tests.test_iter22_visitas_virtuales.TestVisitasSugerir" name="test_sugerir_geografico_hagia_sofia" time="0.104" /><testcase classname="backend.tests.test_iter22_visitas_virtuales.TestVisitasSugerir" name="test_sugerir_no_disponible" time="0.099" /><testcase classname="backend.tests.test_iter22_visitas_virtuales.TestVisitasSugerir" name="test_sugerir_case_insensitive_y_tildes" time="0.328" /><testcase classname="backend.tests.test_iter22_visitas_virtuales.TestVisitaFicha" name="test_get_slug_existe" time="0.096" /><testcase classname="backend.tests.test_iter22_visitas_virtuales.TestVisitaFicha" name="test_get_slug_404" time="0.099" /><testcase classname="backend.tests.test_iter22_visitas_virtuales.TestRegresion" name="test_capsulas_ok" time="0.116" /><testcase classname="backend.tests.test_iter22_visitas_virtuales.TestRegresion" name="test_relatos_ok" time="0.257" /><testcase classname="backend.tests.test_iter22_visitas_virtuales.TestRegresion" name="test_presencia_activos_requiere_auth" time="0.108" /><testcase classname="backend.tests.test_iter22_visitas_virtuales.TestRegresion" name="test_presencia_activos_con_auth" time="0.240" /></testsuite></testsuites>