<?xml version="1.0" encoding="utf-8"?><testsuites name="pytest tests"><testsuite name="pytest" errors="0" failures="0" skipped="0" tests="13" time="1.378" timestamp="2026-05-27T06:58:56.778945+00:00" hostname="agent-env-839b6e4e-4c73-497f-840c-93dc91825c21"><testcase classname="backend.tests.test_phase3_efemerides" name="test_efemerides_hoy_requires_auth" time="0.240" /><testcase classname="backend.tests.test_phase3_efemerides" name="test_efemerides_hoy_authed" time="0.225" /><testcase classname="backend.tests.test_phase3_efemerides" name="test_efemerides_fecha_julio_cesar" time="0.044" /><testcase classname="backend.tests.test_phase3_efemerides" name="test_efemerides_fecha_colon" time="0.048" /><testcase classname="backend.tests.test_phase3_efemerides" name="test_efemerides_fecha_empty_day" time="0.046" /><testcase classname="backend.tests.test_phase3_efemerides" name="test_efemerides_fecha_invalid_format_returns_400" time="0.051" /><testcase classname="backend.tests.test_phase3_efemerides" name="test_efemerides_fecha_invalid_format_3digits" time="0.047" /><testcase classname="backend.tests.test_phase3_efemerides" name="test_efemerides_fecha_requires_auth" time="0.297" /><testcase classname="backend.tests.test_phase3_efemerides" name="test_efemerides_calendario_marzo_2026" time="0.047" /><testcase classname="backend.tests.test_phase3_efemerides" name="test_efemerides_calendario_invalid_month" time="0.050" /><testcase classname="backend.tests.test_phase3_efemerides" name="test_efemerides_calendario_zero_month" time="0.045" /><testcase classname="backend.tests.test_phase3_efemerides" name="test_efemerides_calendario_february_2024_leap" time="0.047" /><testcase classname="backend.tests.test_phase3_efemerides" name="test_efemerides_calendario_requires_auth" time="0.150" /></testsuite></testsuites>