<?xml version="1.0" encoding="utf-8"?><testsuites name="pytest tests"><testsuite name="pytest" errors="0" failures="6" skipped="0" tests="22" time="3.235" timestamp="2026-05-27T07:34:42.757352+00:00" hostname="agent-env-839b6e4e-4c73-497f-840c-93dc91825c21"><testcase classname="backend.tests.test_phase4_legado.TestAuthGuard" name="test_familiares_mios_requires_auth" time="0.673" /><testcase classname="backend.tests.test_phase4_legado.TestAuthGuard" name="test_preferencias_requires_auth" time="0.105" /><testcase classname="backend.tests.test_phase4_legado.TestPreferencias" name="test_update_sonido_valid" time="0.052" /><testcase classname="backend.tests.test_phase4_legado.TestPreferencias" name="test_update_sonido_invalid_returns_400" time="0.047" /><testcase classname="backend.tests.test_phase4_legado.TestPreferencias" name="test_update_arbol_publico_true" time="0.049" /><testcase classname="backend.tests.test_phase4_legado.TestPreferencias" name="test_update_all_sounds_accepted" time="0.193" /><testcase classname="backend.tests.test_phase4_legado.TestFamiliaresCRUD" name="test_create_requires_nombre_and_parentesco" time="0.091" /><testcase classname="backend.tests.test_phase4_legado.TestFamiliaresCRUD" name="test_create_invalid_parentesco_rejected" time="0.046" /><testcase classname="backend.tests.test_phase4_legado.TestFamiliaresCRUD" name="test_create_and_get_mios" time="0.098" /><testcase classname="backend.tests.test_phase4_legado.TestFamiliaresCRUD" name="test_update_own_familiar" time="0.096"><failure message="assert 403 == 200&#10; +  where 403 = &lt;Response [403]&gt;.status_code">backend/tests/test_phase4_legado.py:187: in test_update_own_familiar
    assert r.status_code == 200
E   assert 403 == 200
E    +  where 403 = &lt;Response [403]&gt;.status_code</failure></testcase><testcase classname="backend.tests.test_phase4_legado.TestFamiliaresCRUD" name="test_update_other_user_forbidden" time="0.092" /><testcase classname="backend.tests.test_phase4_legado.TestFamiliaresCRUD" name="test_delete_other_user_forbidden" time="0.095" /><testcase classname="backend.tests.test_phase4_legado.TestFamiliaresCRUD" name="test_delete_own_familiar" time="0.105"><failure message="assert 403 == 200&#10; +  where 403 = &lt;Response [403]&gt;.status_code">backend/tests/test_phase4_legado.py:215: in test_delete_own_familiar
    assert r2.status_code == 200
E   assert 403 == 200
E    +  where 403 = &lt;Response [403]&gt;.status_code</failure></testcase><testcase classname="backend.tests.test_phase4_legado.TestPrivacy" name="test_public_tree_accessible_by_other" time="0.198" /><testcase classname="backend.tests.test_phase4_legado.TestPrivacy" name="test_private_tree_forbidden_for_other" time="0.090" /><testcase classname="backend.tests.test_phase4_legado.TestPrivacy" name="test_private_tree_accessible_to_owner" time="0.091"><failure message="assert 403 == 200&#10; +  where 403 = &lt;Response [403]&gt;.status_code">backend/tests/test_phase4_legado.py:242: in test_private_tree_accessible_to_owner
    assert r.status_code == 200
E   assert 403 == 200
E    +  where 403 = &lt;Response [403]&gt;.status_code</failure></testcase><testcase classname="backend.tests.test_phase4_legado.TestHistorias" name="test_add_and_remove_historia" time="0.096"><failure message="AssertionError: {&quot;error&quot;:&quot;No autorizado&quot;}&#10;assert 403 == 200&#10; +  where 403 = &lt;Response [403]&gt;.status_code">backend/tests/test_phase4_legado.py:254: in test_add_and_remove_historia
    assert r.status_code == 200, r.text
E   AssertionError: {"error":"No autorizado"}
E   assert 403 == 200
E    +  where 403 = &lt;Response [403]&gt;.status_code</failure></testcase><testcase classname="backend.tests.test_phase4_legado.TestHistorias" name="test_historia_requires_contenido" time="0.096" /><testcase classname="backend.tests.test_phase4_legado.TestFotoUpload" name="test_upload_foto" time="0.192"><failure message="AssertionError: {&quot;error&quot;:&quot;No autorizado&quot;}&#10;assert 403 == 200&#10; +  where 403 = &lt;Response [403]&gt;.status_code">backend/tests/test_phase4_legado.py:291: in test_upload_foto
    assert r.status_code == 200, r.text
E   AssertionError: {"error":"No autorizado"}
E   assert 403 == 200
E    +  where 403 = &lt;Response [403]&gt;.status_code</failure></testcase><testcase classname="backend.tests.test_phase4_legado.TestGedcomImport" name="test_import_empty_returns_400" time="0.047" /><testcase classname="backend.tests.test_phase4_legado.TestGedcomImport" name="test_import_no_valid_indi_returns_400" time="0.047" /><testcase classname="backend.tests.test_phase4_legado.TestGedcomImport" name="test_import_valid_gedcom_creates_familiares" time="0.552"><failure message="AssertionError: {&quot;error&quot;:&quot;No se encontraron familiares válidos en el archivo GEDCOM&quot;}&#10;assert 400 == 201&#10; +  where 400 = &lt;Response [400]&gt;.status_code">backend/tests/test_phase4_legado.py:309: in test_import_valid_gedcom_creates_familiares
    assert r.status_code == 201, r.text
E   AssertionError: {"error":"No se encontraron familiares válidos en el archivo GEDCOM"}
E   assert 400 == 201
E    +  where 400 = &lt;Response [400]&gt;.status_code</failure></testcase></testsuite></testsuites>