<?xml version="1.0" encoding="utf-8"?><testsuites name="pytest tests"><testsuite name="pytest" errors="0" failures="0" skipped="0" tests="13" time="4.917" timestamp="2026-05-27T06:50:04.476281+00:00" hostname="agent-env-839b6e4e-4c73-497f-840c-93dc91825c21"><testcase classname="backend.tests.test_phase2_avisos.TestAvisosEndpoints" name="test_list_avisos_authed" time="0.402" /><testcase classname="backend.tests.test_phase2_avisos.TestAvisosEndpoints" name="test_list_avisos_requires_auth" time="0.104" /><testcase classname="backend.tests.test_phase2_avisos.TestAvisosEndpoints" name="test_count_no_leidos" time="0.055" /><testcase classname="backend.tests.test_phase2_avisos.TestAvisosEndpoints" name="test_marcar_leidos_all" time="0.103" /><testcase classname="backend.tests.test_phase2_avisos.TestEcoNotification" name="test_eco_creates_aviso_for_relato_owner" time="1.041" /><testcase classname="backend.tests.test_phase2_avisos.TestEcoNotification" name="test_self_eco_does_not_create_aviso" time="0.200" /><testcase classname="backend.tests.test_phase2_avisos.TestComentarioNotification" name="test_root_comentario_creates_aviso" time="0.555" /><testcase classname="backend.tests.test_phase2_avisos.TestComentarioNotification" name="test_respuesta_notifies_parent_author_not_relato_owner" time="0.967" /><testcase classname="backend.tests.test_phase2_avisos.TestSeguirNotification" name="test_follow_creates_aviso" time="0.610" /><testcase classname="backend.tests.test_phase2_avisos.TestMarkAvisoRead" name="test_marcar_un_aviso" time="0.521" /><testcase classname="backend.tests.test_phase2_avisos.TestMarkAvisoRead" name="test_marcar_invalid_id" time="0.055" /><testcase classname="backend.tests.test_phase2_avisos.TestPerfilUpdate" name="test_actualizar_perfil" time="0.143" /><testcase classname="backend.tests.test_phase2_avisos.TestPerfilUpdate" name="test_perfil_requires_auth" time="0.118" /></testsuite></testsuites>