<?xml version="1.0" encoding="utf-8"?><testsuites name="pytest tests"><testsuite name="pytest" errors="0" failures="0" skipped="0" tests="22" time="3.502" timestamp="2026-05-27T07:44:14.479689+00:00" hostname="agent-env-839b6e4e-4c73-497f-840c-93dc91825c21"><testcase classname="backend.tests.test_phase4_legado.TestAuthGuard" name="test_familiares_mios_requires_auth" time="0.708" /><testcase classname="backend.tests.test_phase4_legado.TestAuthGuard" name="test_preferencias_requires_auth" time="0.108" /><testcase classname="backend.tests.test_phase4_legado.TestPreferencias" name="test_update_sonido_valid" time="0.052" /><testcase classname="backend.tests.test_phase4_legado.TestPreferencias" name="test_update_sonido_invalid_returns_400" time="0.049" /><testcase classname="backend.tests.test_phase4_legado.TestPreferencias" name="test_update_arbol_publico_true" time="0.053" /><testcase classname="backend.tests.test_phase4_legado.TestPreferencias" name="test_update_all_sounds_accepted" time="0.206" /><testcase classname="backend.tests.test_phase4_legado.TestFamiliaresCRUD" name="test_create_requires_nombre_and_parentesco" time="0.102" /><testcase classname="backend.tests.test_phase4_legado.TestFamiliaresCRUD" name="test_create_invalid_parentesco_rejected" time="0.056" /><testcase classname="backend.tests.test_phase4_legado.TestFamiliaresCRUD" name="test_create_and_get_mios" time="0.108" /><testcase classname="backend.tests.test_phase4_legado.TestFamiliaresCRUD" name="test_update_own_familiar" time="0.182" /><testcase classname="backend.tests.test_phase4_legado.TestFamiliaresCRUD" name="test_update_other_user_forbidden" time="0.100" /><testcase classname="backend.tests.test_phase4_legado.TestFamiliaresCRUD" name="test_delete_other_user_forbidden" time="0.097" /><testcase classname="backend.tests.test_phase4_legado.TestFamiliaresCRUD" name="test_delete_own_familiar" time="0.160" /><testcase classname="backend.tests.test_phase4_legado.TestPrivacy" name="test_public_tree_accessible_by_other" time="0.202" /><testcase classname="backend.tests.test_phase4_legado.TestPrivacy" name="test_private_tree_forbidden_for_other" time="0.095" /><testcase classname="backend.tests.test_phase4_legado.TestPrivacy" name="test_private_tree_accessible_to_owner" time="0.097" /><testcase classname="backend.tests.test_phase4_legado.TestHistorias" name="test_add_and_remove_historia" time="0.151" /><testcase classname="backend.tests.test_phase4_legado.TestHistorias" name="test_historia_requires_contenido" time="0.102" /><testcase classname="backend.tests.test_phase4_legado.TestFotoUpload" name="test_upload_foto" time="0.171" /><testcase classname="backend.tests.test_phase4_legado.TestGedcomImport" name="test_import_empty_returns_400" time="0.045" /><testcase classname="backend.tests.test_phase4_legado.TestGedcomImport" name="test_import_no_valid_indi_returns_400" time="0.047" /><testcase classname="backend.tests.test_phase4_legado.TestGedcomImport" name="test_import_valid_gedcom_creates_familiares" time="0.583" /></testsuite></testsuites>