<?xml version="1.0" encoding="utf-8"?><testsuites name="pytest tests"><testsuite name="pytest" errors="0" failures="0" skipped="0" tests="12" time="0.992" timestamp="2026-05-27T08:10:46.537762+00:00" hostname="agent-env-839b6e4e-4c73-497f-840c-93dc91825c21"><testcase classname="backend.tests.test_phase5_explorar.TestExplorar" name="test_explorar_returns_all_sections" time="0.255" /><testcase classname="backend.tests.test_phase5_explorar.TestExplorar" name="test_explorar_cronistas_shape" time="0.062" /><testcase classname="backend.tests.test_phase5_explorar.TestExplorar" name="test_explorar_tags_shape" time="0.051" /><testcase classname="backend.tests.test_phase5_explorar.TestTrending" name="test_trending_returns_data" time="0.058" /><testcase classname="backend.tests.test_phase5_explorar.TestTrending" name="test_trending_sorted_by_score_desc" time="0.057" /><testcase classname="backend.tests.test_phase5_explorar.TestTagsPopulares" name="test_tags_populares_returns_array" time="0.047" /><testcase classname="backend.tests.test_phase5_explorar.TestTagsPopulares" name="test_tags_populares_sorted_by_total_desc" time="0.058" /><testcase classname="backend.tests.test_phase5_explorar.TestTagsRelatos" name="test_tag_relatos_known_tag" time="0.054" /><testcase classname="backend.tests.test_phase5_explorar.TestTagsRelatos" name="test_tag_relatos_unknown_tag" time="0.055" /><testcase classname="backend.tests.test_phase5_explorar.TestHashtagExtraction" name="test_create_extracts_hashtags" time="0.050" /><testcase classname="backend.tests.test_phase5_explorar.TestHashtagExtraction" name="test_update_reextracts_hashtags" time="0.100" /><testcase classname="backend.tests.test_phase5_explorar.TestHashtagExtraction" name="test_relato_appears_in_tag_endpoint" time="0.105" /></testsuite></testsuites>