<?xml version="1.0" encoding="utf-8"?><testsuites name="pytest tests"><testsuite name="pytest" errors="0" failures="0" skipped="0" tests="11" time="1.446" timestamp="2026-05-27T06:37:25.645273+00:00" hostname="agent-env-839b6e4e-4c73-497f-840c-93dc91825c21"><testcase classname="backend.tests.test_phase1_endpoints.TestEpocas" name="test_list_epocas" time="0.322" /><testcase classname="backend.tests.test_phase1_endpoints.TestEpocas" name="test_list_epocas_requires_auth" time="0.112" /><testcase classname="backend.tests.test_phase1_endpoints.TestEpocas" name="test_relatos_by_epoca" time="0.128" /><testcase classname="backend.tests.test_phase1_endpoints.TestEpocas" name="test_relatos_by_unknown_epoca" time="0.055" /><testcase classname="backend.tests.test_phase1_endpoints.TestRelatoDetail" name="test_invalid_objectid_returns_400" time="0.052" /><testcase classname="backend.tests.test_phase1_endpoints.TestRelatoDetail" name="test_not_found_returns_404" time="0.051" /><testcase classname="backend.tests.test_phase1_endpoints.TestRelatoDetail" name="test_valid_relato_returns_full_data" time="0.124" /><testcase classname="backend.tests.test_phase1_endpoints.TestComentarios" name="test_get_comentarios_empty_or_array" time="0.117" /><testcase classname="backend.tests.test_phase1_endpoints.TestComentarios" name="test_create_comment_and_reply_chain" time="0.226" /><testcase classname="backend.tests.test_phase1_endpoints.TestComentarios" name="test_comment_validation_empty_content" time="0.112" /><testcase classname="backend.tests.test_phase1_endpoints.TestComentarios" name="test_comment_requires_auth" time="0.100" /></testsuite></testsuites>