<?xml version="1.0" encoding="utf-8"?><testsuites name="pytest tests"><testsuite name="pytest" errors="0" failures="0" skipped="2" tests="31" time="3.308" timestamp="2026-05-27T06:37:31.743880+00:00" hostname="agent-env-839b6e4e-4c73-497f-840c-93dc91825c21"><testcase classname="backend.tests.backend_test.TestHealth" name="test_health_ok" time="0.129" /><testcase classname="backend.tests.backend_test.TestAuth" name="test_login_success" time="0.210" /><testcase classname="backend.tests.backend_test.TestAuth" name="test_login_invalid" time="0.170" /><testcase classname="backend.tests.backend_test.TestAuth" name="test_auth_me" time="0.305" /><testcase classname="backend.tests.backend_test.TestSearch" name="test_search_user_kei" time="0.053" /><testcase classname="backend.tests.backend_test.TestSearch" name="test_search_relato_roma" time="0.058" /><testcase classname="backend.tests.backend_test.TestSearch" name="test_search_accent_insensitive_cesar" time="0.058" /><testcase classname="backend.tests.backend_test.TestSearch" name="test_search_empty_query" time="0.055" /><testcase classname="backend.tests.backend_test.TestSearch" name="test_search_no_results" time="0.052" /><testcase classname="backend.tests.backend_test.TestSearch" name="test_search_requires_auth" time="0.115" /><testcase classname="backend.tests.backend_test.TestProfile" name="test_get_own_profile" time="0.116" /><testcase classname="backend.tests.backend_test.TestProfile" name="test_get_user_relatos" time="0.053" /><testcase classname="backend.tests.backend_test.TestProfile" name="test_get_profile_invalid_id" time="0.053" /><testcase classname="backend.tests.backend_test.TestProfile" name="test_get_profile_not_found" time="0.055" /><testcase classname="backend.tests.backend_test.TestProfile" name="test_get_profile_other_user" time="0.058"><skipped type="pytest.skip" message="alex not found">/app/backend/tests/backend_test.py:121: alex not found</skipped></testcase><testcase classname="backend.tests.backend_test.TestFollow" name="test_follow_toggle" time="0.054"><skipped type="pytest.skip" message="alex not found">/app/backend/tests/backend_test.py:135: alex not found</skipped></testcase><testcase classname="backend.tests.backend_test.TestUploads" name="test_avatar_upload" time="0.212" /><testcase classname="backend.tests.backend_test.TestUploads" name="test_avatar_upload_missing_file" time="0.102" /><testcase classname="backend.tests.backend_test.TestUploads" name="test_portada_upload" time="0.124" /><testcase classname="backend.tests.backend_test.TestRelatos" name="test_feed_relatos" time="0.066" /><testcase classname="backend.tests.test_phase1_endpoints.TestEpocas" name="test_list_epocas" time="0.055" /><testcase classname="backend.tests.test_phase1_endpoints.TestEpocas" name="test_list_epocas_requires_auth" time="0.140" /><testcase classname="backend.tests.test_phase1_endpoints.TestEpocas" name="test_relatos_by_epoca" time="0.112" /><testcase classname="backend.tests.test_phase1_endpoints.TestEpocas" name="test_relatos_by_unknown_epoca" time="0.058" /><testcase classname="backend.tests.test_phase1_endpoints.TestRelatoDetail" name="test_invalid_objectid_returns_400" time="0.056" /><testcase classname="backend.tests.test_phase1_endpoints.TestRelatoDetail" name="test_not_found_returns_404" time="0.055" /><testcase classname="backend.tests.test_phase1_endpoints.TestRelatoDetail" name="test_valid_relato_returns_full_data" time="0.120" /><testcase classname="backend.tests.test_phase1_endpoints.TestComentarios" name="test_get_comentarios_empty_or_array" time="0.127" /><testcase classname="backend.tests.test_phase1_endpoints.TestComentarios" name="test_create_comment_and_reply_chain" time="0.235" /><testcase classname="backend.tests.test_phase1_endpoints.TestComentarios" name="test_comment_validation_empty_content" time="0.103" /><testcase classname="backend.tests.test_phase1_endpoints.TestComentarios" name="test_comment_requires_auth" time="0.115" /></testsuite></testsuites>