<?xml version="1.0" encoding="utf-8"?><testsuites name="pytest tests"><testsuite name="pytest" errors="0" failures="0" skipped="2" tests="20" time="2.054" timestamp="2026-05-27T05:34:51.204746+00:00" hostname="agent-env-839b6e4e-4c73-497f-840c-93dc91825c21"><testcase classname="tests.backend_test.TestHealth" name="test_health_ok" time="0.165" /><testcase classname="tests.backend_test.TestAuth" name="test_login_success" time="0.183" /><testcase classname="tests.backend_test.TestAuth" name="test_login_invalid" time="0.216" /><testcase classname="tests.backend_test.TestAuth" name="test_auth_me" time="0.262" /><testcase classname="tests.backend_test.TestSearch" name="test_search_user_kei" time="0.060" /><testcase classname="tests.backend_test.TestSearch" name="test_search_relato_roma" time="0.056" /><testcase classname="tests.backend_test.TestSearch" name="test_search_accent_insensitive_cesar" time="0.054" /><testcase classname="tests.backend_test.TestSearch" name="test_search_empty_query" time="0.051" /><testcase classname="tests.backend_test.TestSearch" name="test_search_no_results" time="0.055" /><testcase classname="tests.backend_test.TestSearch" name="test_search_requires_auth" time="0.092" /><testcase classname="tests.backend_test.TestProfile" name="test_get_own_profile" time="0.108" /><testcase classname="tests.backend_test.TestProfile" name="test_get_user_relatos" time="0.056" /><testcase classname="tests.backend_test.TestProfile" name="test_get_profile_invalid_id" time="0.052" /><testcase classname="tests.backend_test.TestProfile" name="test_get_profile_not_found" time="0.053" /><testcase classname="tests.backend_test.TestProfile" name="test_get_profile_other_user" time="0.053"><skipped type="pytest.skip" message="alex not found">/app/backend/tests/backend_test.py:121: alex not found</skipped></testcase><testcase classname="tests.backend_test.TestFollow" name="test_follow_toggle" time="0.055"><skipped type="pytest.skip" message="alex not found">/app/backend/tests/backend_test.py:135: alex not found</skipped></testcase><testcase classname="tests.backend_test.TestUploads" name="test_avatar_upload" time="0.169" /><testcase classname="tests.backend_test.TestUploads" name="test_avatar_upload_missing_file" time="0.098" /><testcase classname="tests.backend_test.TestUploads" name="test_portada_upload" time="0.103" /><testcase classname="tests.backend_test.TestRelatos" name="test_feed_relatos" time="0.065" /></testsuite></testsuites>