<?xml version="1.0" encoding="utf-8"?><testsuites name="pytest tests"><testsuite name="pytest" errors="0" failures="0" skipped="0" tests="16" time="2.704" timestamp="2026-05-27T09:11:17.366241+00:00" hostname="agent-env-839b6e4e-4c73-497f-840c-93dc91825c21"><testcase classname="backend.tests.test_misivas.TestAbrir" name="test_abrir_con_otro_usuario_crea_conversacion" time="0.593" /><testcase classname="backend.tests.test_misivas.TestAbrir" name="test_abrir_es_idempotente" time="0.107" /><testcase classname="backend.tests.test_misivas.TestAbrir" name="test_abrir_consigo_mismo_400" time="0.049" /><testcase classname="backend.tests.test_misivas.TestAbrir" name="test_abrir_user_inexistente_404" time="0.050" /><testcase classname="backend.tests.test_misivas.TestLista" name="test_get_misivas_lista" time="0.100" /><testcase classname="backend.tests.test_misivas.TestLista" name="test_no_leidas_count" time="0.050" /><testcase classname="backend.tests.test_misivas.TestMensajes" name="test_flujo_envio_y_no_leido" time="0.485" /><testcase classname="backend.tests.test_misivas.TestMensajes" name="test_yo_no_me_notifico_a_mi_mismo" time="0.153" /><testcase classname="backend.tests.test_misivas.TestMensajes" name="test_no_leidas_excluye_mis_mensajes" time="0.199" /><testcase classname="backend.tests.test_misivas.TestMensajes" name="test_mensaje_vacio_400" time="0.101" /><testcase classname="backend.tests.test_misivas.TestMensajes" name="test_mensaje_muy_largo_400" time="0.099" /><testcase classname="backend.tests.test_misivas.TestAcceso" name="test_no_participante_get_mensajes_403" time="0.325" /><testcase classname="backend.tests.test_misivas.TestAcceso" name="test_no_participante_post_mensaje_403" time="0.096" /><testcase classname="backend.tests.test_misivas.TestAcceso" name="test_no_participante_leer_403" time="0.095" /><testcase classname="backend.tests.test_misivas.TestAcceso" name="test_id_inexistente" time="0.053" /><testcase classname="backend.tests.test_misivas.TestAcceso" name="test_sin_auth_401" time="0.103" /></testsuite></testsuites>