<?xml version="1.0" encoding="utf-8"?><testsuites name="pytest tests"><testsuite name="pytest" errors="0" failures="0" skipped="0" tests="8" time="2.423" timestamp="2026-05-27T19:58:15.800201+00:00" hostname="agent-env-839b6e4e-4c73-497f-840c-93dc91825c21"><testcase classname="backend.tests.test_visitas" name="test_get_relato_incluye_campo_visitas" time="0.260" /><testcase classname="backend.tests.test_visitas" name="test_visita_anon_primera_vez_contado_true" time="0.291" /><testcase classname="backend.tests.test_visitas" name="test_visita_anon_misma_ip_repite_no_cuenta" time="0.235" /><testcase classname="backend.tests.test_visitas" name="test_visita_autor_no_cuenta" time="0.537" /><testcase classname="backend.tests.test_visitas" name="test_visita_usuario_no_autor_cuenta" time="0.226" /><testcase classname="backend.tests.test_visitas" name="test_dos_sesiones_distintas_suman_cada_una" time="0.552" /><testcase classname="backend.tests.test_visitas" name="test_visita_id_invalido_400" time="0.106" /><testcase classname="backend.tests.test_visitas" name="test_visita_id_inexistente_404" time="0.185" /></testsuite></testsuites>