<?xml version="1.0" encoding="utf-8"?><testsuites name="pytest tests"><testsuite name="pytest" errors="0" failures="0" skipped="0" tests="21" time="2.526" timestamp="2026-05-27T09:34:07.251241+00:00" hostname="agent-env-839b6e4e-4c73-497f-840c-93dc91825c21"><testcase classname="backend.tests.test_og_cards.TestOgRelatoHtml" name="test_sin_auth_devuelve_html_200" time="0.159" /><testcase classname="backend.tests.test_og_cards.TestOgRelatoHtml" name="test_meta_og_basicas_presentes" time="0.106" /><testcase classname="backend.tests.test_og_cards.TestOgRelatoHtml" name="test_og_image_apunta_a_endpoint_imagen" time="0.103" /><testcase classname="backend.tests.test_og_cards.TestOgRelatoHtml" name="test_og_url_apunta_a_app_react" time="0.109" /><testcase classname="backend.tests.test_og_cards.TestOgRelatoHtml" name="test_bot_no_incluye_meta_refresh[WhatsApp/2.23.20.0 A]" time="0.116" /><testcase classname="backend.tests.test_og_cards.TestOgRelatoHtml" name="test_bot_no_incluye_meta_refresh[Twitterbot/1.0]" time="0.102" /><testcase classname="backend.tests.test_og_cards.TestOgRelatoHtml" name="test_bot_no_incluye_meta_refresh[facebookexternalhit/1.1]" time="0.100" /><testcase classname="backend.tests.test_og_cards.TestOgRelatoHtml" name="test_bot_no_incluye_meta_refresh[Mozilla/5.0 (compatible; Discordbot/2.0; +https://discordapp.com)]" time="0.118" /><testcase classname="backend.tests.test_og_cards.TestOgRelatoHtml" name="test_bot_no_incluye_meta_refresh[TelegramBot (like TwitterBot)]" time="0.102" /><testcase classname="backend.tests.test_og_cards.TestOgRelatoHtml" name="test_humano_incluye_meta_refresh_a_app_react" time="0.111" /><testcase classname="backend.tests.test_og_cards.TestOgRelatoHtml" name="test_cache_control_html" time="0.004" /><testcase classname="backend.tests.test_og_cards.TestOgRelatoHtml" name="test_id_malformado_400" time="0.097" /><testcase classname="backend.tests.test_og_cards.TestOgRelatoHtml" name="test_id_inexistente_404" time="0.100" /><testcase classname="backend.tests.test_og_cards.TestOgRelatoHtml" name="test_escape_html_en_titulo_descripcion" time="0.111" /><testcase classname="backend.tests.test_og_cards.TestOgRelatoHtml" name="test_no_requiere_autenticacion" time="0.106" /><testcase classname="backend.tests.test_og_cards.TestOgRelatoImagen" name="test_devuelve_png_sin_auth" time="0.206" /><testcase classname="backend.tests.test_og_cards.TestOgRelatoImagen" name="test_dimensiones_1200x630" time="0.207" /><testcase classname="backend.tests.test_og_cards.TestOgRelatoImagen" name="test_tamano_razonable" time="0.232" /><testcase classname="backend.tests.test_og_cards.TestOgRelatoImagen" name="test_cache_control_imagen" time="0.083" /><testcase classname="backend.tests.test_og_cards.TestOgRelatoImagen" name="test_id_malformado_400" time="0.111" /><testcase classname="backend.tests.test_og_cards.TestOgRelatoImagen" name="test_id_inexistente_404" time="0.100" /></testsuite></testsuites>