<?xml version="1.0" encoding="utf-8"?><testsuites name="pytest tests"><testsuite name="pytest" errors="0" failures="0" skipped="0" tests="10" time="1.164" timestamp="2026-05-27T18:49:35.272940+00:00" hostname="agent-env-839b6e4e-4c73-497f-840c-93dc91825c21"><testcase classname="backend.tests.test_public_relato.TestPublicRelatoRead" name="test_get_relato_sin_cookie_devuelve_200" time="0.291" /><testcase classname="backend.tests.test_public_relato.TestPublicRelatoRead" name="test_get_relato_con_cookie_es_publico_false" time="0.345" /><testcase classname="backend.tests.test_public_relato.TestPublicRelatoRead" name="test_get_relato_id_malformado_400" time="0.046" /><testcase classname="backend.tests.test_public_relato.TestPublicRelatoRead" name="test_get_relato_id_inexistente_404" time="0.050" /><testcase classname="backend.tests.test_public_relato.TestPublicComentariosRead" name="test_get_comentarios_sin_cookie_devuelve_200" time="0.052" /><testcase classname="backend.tests.test_public_relato.TestWriteEndpointsRequireAuth" name="test_post_eco_sin_cookie_401" time="0.052" /><testcase classname="backend.tests.test_public_relato.TestWriteEndpointsRequireAuth" name="test_post_archivado_sin_cookie_401" time="0.051" /><testcase classname="backend.tests.test_public_relato.TestWriteEndpointsRequireAuth" name="test_post_comentario_sin_cookie_401" time="0.050" /><testcase classname="backend.tests.test_public_relato.TestOGRedirect" name="test_og_relato_sigue_funcionando" time="0.060" /><testcase classname="backend.tests.test_public_relato.TestAuthenticatedWriteStillWorks" name="test_post_eco_con_cookie_funciona" time="0.139" /></testsuite></testsuites>