<?xml version="1.0" encoding="utf-8"?><testsuites name="pytest tests"><testsuite name="pytest" errors="0" failures="0" skipped="0" tests="8" time="0.779" timestamp="2026-05-27T09:22:13.111769+00:00" hostname="agent-env-839b6e4e-4c73-497f-840c-93dc91825c21"><testcase classname="backend.tests.test_share_chronicle.TestContactosSugeridos" name="test_returns_200_array" time="0.359" /><testcase classname="backend.tests.test_share_chronicle.TestContactosSugeridos" name="test_items_have_required_fields" time="0.046" /><testcase classname="backend.tests.test_share_chronicle.TestContactosSugeridos" name="test_excludes_self" time="0.048" /><testcase classname="backend.tests.test_share_chronicle.TestContactosSugeridos" name="test_deduplicated" time="0.061" /><testcase classname="backend.tests.test_share_chronicle.TestContactosSugeridos" name="test_requires_auth" time="0.097" /><testcase classname="backend.tests.test_share_chronicle.TestRelatoFetch" name="test_get_relato_by_id" time="0.049" /><testcase classname="backend.tests.test_share_chronicle.TestBuscarUsuarios" name="test_search_returns_usuarios" time="0.048" /><testcase classname="backend.tests.test_share_chronicle.TestBuscarUsuarios" name="test_search_min_chars_or_empty" time="0.045" /></testsuite></testsuites>