<?xml version="1.0" encoding="utf-8"?><testsuites name="pytest tests"><testsuite name="pytest" errors="0" failures="0" skipped="0" tests="8" time="3.096" timestamp="2026-05-27T20:45:22.575827+00:00" hostname="agent-env-839b6e4e-4c73-497f-840c-93dc91825c21"><testcase classname="backend.tests.test_push.TestPublicKey" name="test_returns_key_no_auth" time="0.136" /><testcase classname="backend.tests.test_push.TestSuscripcion" name="test_suscribir_sin_cookie_401" time="0.128" /><testcase classname="backend.tests.test_push.TestSuscripcion" name="test_suscribir_sin_endpoint_400" time="0.237" /><testcase classname="backend.tests.test_push.TestSuscripcion" name="test_suscribir_sin_keys_400" time="0.230" /><testcase classname="backend.tests.test_push.TestSuscripcion" name="test_suscribir_idempotente_y_desuscribir" time="0.435" /><testcase classname="backend.tests.test_push.TestPushBackgroundNoBloquea" name="test_eco_responde_rapido_y_crea_aviso" time="1.264" /><testcase classname="backend.tests.test_push.TestPushBackgroundNoBloquea" name="test_misiva_mensaje_no_bloquea" time="0.410" /><testcase classname="backend.tests.test_push.TestPushTest" name="test_push_test_no_crashea" time="0.232" /></testsuite></testsuites>